<?xml version="1.0" encoding="utf-8"?><testsuites name="pytest tests"><testsuite name="pytest" errors="0" failures="16" skipped="4" tests="42" time="1.949" timestamp="2026-03-24T20:20:24.031034+01:00" hostname="Goliath"><testcase classname="tests.mcp.test_portmanteau_tools.TestPortmanteauToolRegistration" name="test_adn_content_registration" time="0.076" /><testcase classname="tests.mcp.test_portmanteau_tools.TestPortmanteauToolRegistration" name="test_adn_notes_registration" time="0.048" /><testcase classname="tests.mcp.test_portmanteau_tools.TestPortmanteauToolRegistration" name="test_adn_note_ai_registration" time="0.049" /><testcase classname="tests.mcp.test_portmanteau_tools.TestPortmanteauToolRegistration" name="test_adn_corpus_qc_registration" time="0.046" /><testcase classname="tests.mcp.test_portmanteau_tools.TestPortmanteauToolRegistration" name="test_adn_project_registration" time="0.046" /><testcase classname="tests.mcp.test_portmanteau_tools.TestPortmanteauToolRegistration" name="test_adn_export_registration" time="0.045"><failure message="AssertionError: assert False&#10; +  where False = hasattr(adn_export, 'name')">E   AssertionError: assert False
     +  where False = hasattr(adn_export, 'name')</failure></testcase><testcase classname="tests.mcp.test_portmanteau_tools.TestPortmanteauToolRegistration" name="test_adn_import_registration" time="0.045" /><testcase classname="tests.mcp.test_portmanteau_tools.TestPortmanteauToolRegistration" name="test_adn_search_registration" time="0.048"><failure message="AssertionError: assert False&#10; +  where False = hasattr(adn_search, 'name')">E   AssertionError: assert False
     +  where False = hasattr(adn_search, 'name')</failure></testcase><testcase classname="tests.mcp.test_portmanteau_tools.TestPortmanteauToolRegistration" name="test_adn_knowledge_registration" time="0.043" /><testcase classname="tests.mcp.test_portmanteau_tools.TestPortmanteauToolRegistration" name="test_adn_navigation_registration" time="0.045" /><testcase classname="tests.mcp.test_portmanteau_tools.TestPortmanteauToolRegistration" name="test_adn_llm_registration" time="0.044" /><testcase classname="tests.mcp.test_portmanteau_tools.TestPortmanteauToolRegistration" name="test_adn_editor_registration" time="0.000"><skipped type="pytest.skip" message="adn_editor is deprecated and only available in FULL_TOOLS_MODE">D:\Dev\repos\advanced-memory-mcp\tests\mcp\test_portmanteau_tools.py:116: adn_editor is deprecated and only available in FULL_TOOLS_MODE</skipped></testcase><testcase classname="tests.mcp.test_portmanteau_tools.TestPortmanteauToolSignatures" name="test_adn_content_signature" time="0.043" /><testcase classname="tests.mcp.test_portmanteau_tools.TestPortmanteauToolSignatures" name="test_adn_project_signature" time="0.047" /><testcase classname="tests.mcp.test_portmanteau_tools.TestPortmanteauToolSignatures" name="test_adn_export_signature" time="0.047" /><testcase classname="tests.mcp.test_portmanteau_tools.TestPortmanteauToolSignatures" name="test_adn_import_signature" time="0.045" /><testcase classname="tests.mcp.test_portmanteau_tools.TestPortmanteauToolSignatures" name="test_adn_search_signature" time="0.047" /><testcase classname="tests.mcp.test_portmanteau_tools.TestPortmanteauToolSignatures" name="test_adn_knowledge_signature" time="0.045" /><testcase classname="tests.mcp.test_portmanteau_tools.TestPortmanteauToolSignatures" name="test_adn_navigation_signature" time="0.044" /><testcase classname="tests.mcp.test_portmanteau_tools.TestPortmanteauToolSignatures" name="test_adn_llm_signature" time="0.044" /><testcase classname="tests.mcp.test_portmanteau_tools.TestPortmanteauToolSignatures" name="test_adn_editor_signature" time="0.000"><skipped type="pytest.skip" message="adn_editor is deprecated and only available in FULL_TOOLS_MODE">D:\Dev\repos\advanced-memory-mcp\tests\mcp\test_portmanteau_tools.py:207: adn_editor is deprecated and only available in FULL_TOOLS_MODE</skipped></testcase><testcase classname="tests.mcp.test_portmanteau_tools.TestAdnContentBasic" name="test_adn_content_invalid_operation" time="0.056" /><testcase classname="tests.mcp.test_portmanteau_tools.TestAdnContentBasic" name="test_adn_content_missing_parameters" time="0.052" /><testcase classname="tests.mcp.test_portmanteau_tools.TestAdnProjectBasic" name="test_adn_project_invalid_operation" time="0.044"><failure message="AssertionError: assert 'error' in {'error_code': 'VALIDATION_ERROR', 'message': 'Unknown project operation: invalid. Check recovery_options for next steps.', 'original_message': 'Unknown project operation: invalid', 'success': False, ...}">E   AssertionError: assert 'error' in {'error_code': 'VALIDATION_ERROR', 'message': 'Unknown project operation: invalid. Check recovery_options for next steps.', 'original_message': 'Unknown project operation: invalid', 'success': False, ...}</failure></testcase><testcase classname="tests.mcp.test_portmanteau_tools.TestAdnProjectBasic" name="test_adn_project_missing_parameters" time="0.044"><failure message="AssertionError: assert 'error' in {'error_code': 'MISSING_PARAMETER', 'message': 'Name and path required for project creation. Check recovery_options for next steps.', 'original_message': 'Name and path required for project creation', 'success': False, ...}">E   AssertionError: assert 'error' in {'error_code': 'MISSING_PARAMETER', 'message': 'Name and path required for project creation. Check recovery_options for next steps.', 'original_message': 'Name and path required for project creation', 'success': False, ...}</failure></testcase><testcase classname="tests.mcp.test_portmanteau_tools.TestAdnExportBasic" name="test_adn_export_invalid_operation" time="0.049"><failure message="assert False&#10; +  where False = isinstance(&quot;# Error\n\nInvalid operation 'invalid'. Supported operations: pdf, pandoc, docsify, html, joplin, pdf_book, archive, evernote, notion, skills&quot;, dict)">E   assert False
     +  where False = isinstance("# Error\n\nInvalid operation 'invalid'. Supported operations: pdf, pandoc, docsify, html, joplin, pdf_book, archive, evernote, notion, skills", dict)</failure></testcase><testcase classname="tests.mcp.test_portmanteau_tools.TestAdnExportBasic" name="test_adn_export_missing_parameters" time="0.000"><skipped type="pytest.skip" message="FunctionTool API changed - needs test refactor">D:\Dev\repos\advanced-memory-mcp\tests\mcp\test_portmanteau_tools.py:308: FunctionTool API changed - needs test refactor</skipped></testcase><testcase classname="tests.mcp.test_portmanteau_tools.TestAdnImportBasic" name="test_adn_import_invalid_operation" time="0.043"><failure message="assert False&#10; +  where False = isinstance(&quot;# Error\n\nInvalid operation 'invalid'. Supported operations: obsidian, joplin, notion, evernote, onenote, archive, canvas, claude_skills, anthropic_skills, claude_conversations, claude_projects, chatgpt, gemini&quot;, dict)">E   assert False
     +  where False = isinstance("# Error\n\nInvalid operation 'invalid'. Supported operations: obsidian, joplin, notion, evernote, onenote, archive, canvas, claude_skills, anthropic_skills, claude_conversations, claude_projects, chatgpt, gemini", dict)</failure></testcase><testcase classname="tests.mcp.test_portmanteau_tools.TestAdnImportBasic" name="test_adn_import_missing_parameters" time="0.049" /><testcase classname="tests.mcp.test_portmanteau_tools.TestAdnSearchBasic" name="test_adn_search_invalid_operation" time="0.046"><failure message="assert 'error' in {'error_code': 'INVALID_OPERATION', 'examples': [{'after_date': 'spring 2024', 'operation': 'notes', 'query': 'german shepherd', 'tags': ['dog']}, {'operation': 'obsidian', 'query': 'meeting notes', 'source_path': '/path/to/vault'}], 'message': &quot;That format doesn't look quite right. Let me help you get it formatted correctly. Check the examples in my documentation.&quot;, 'original_message': &quot;You provided operation='invalid'. Valid operations: notes, obsidian, joplin, notion, evernote&quot;, ...}">E   assert 'error' in {'error_code': 'INVALID_OPERATION', 'examples': [{'after_date': 'spring 2024', 'operation': 'notes', 'query': 'german shepherd', 'tags': ['dog']}, {'operation': 'obsidian', 'query': 'meeting notes', 'source_path': '/path/to/vault'}], 'message': "That format doesn't look quite right. Let me help you get it formatted correctly. Check the examples in my documentation.", 'original_message': "You provided operation='invalid'. Valid operations: notes, obsidian, joplin, notion, evernote", ...}</failure></testcase><testcase classname="tests.mcp.test_portmanteau_tools.TestAdnSearchBasic" name="test_adn_search_missing_parameters" time="0.042" /><testcase classname="tests.mcp.test_portmanteau_tools.TestAdnKnowledgeBasic" name="test_adn_knowledge_invalid_operation" time="0.047"><failure message="AssertionError: assert 'error' in {'error_code': 'VALIDATION_ERROR', 'message': 'Unknown operation: invalid. Check recovery_options for next steps.', 'original_message': 'Unknown operation: invalid', 'success': False, ...}">E   AssertionError: assert 'error' in {'error_code': 'VALIDATION_ERROR', 'message': 'Unknown operation: invalid. Check recovery_options for next steps.', 'original_message': 'Unknown operation: invalid', 'success': False, ...}</failure></testcase><testcase classname="tests.mcp.test_portmanteau_tools.TestAdnNavigationBasic" name="test_adn_navigation_invalid_operation" time="0.046"><failure message="assert False&#10; +  where False = isinstance('# Error: Invalid operation parameter\n\n**Received:** `invalid` -&gt; normalized to `invalid`\n\n**Valid operations are:**\n- `build_context` - Navigate knowledge graph via memory:// URLs\n- `recent_activity` - Get recently updated notes (use this for &quot;latest notes&quot;)\n- `list_directory` - Browse directory contents\n- `backlinks` - Find notes that reference a specific note\n- `status` - System status and diagnostics\n- `sync_status` - File sync monitoring\n\n**Example for &quot;latest notes&quot;:**\n```\nadn_navigation(\n    operation=&quot;recent_activity&quot;,\n    timeframe=&quot;1d&quot;\n)\n```\n\nPlease adjust the `operation` parameter and try again.', dict)">E   assert False
     +  where False = isinstance('# Error: Invalid operation parameter\n\n**Received:** `invalid` -&gt; normalized to `invalid`\n\n**Valid operations are:**\n- `build_context` - Navigate knowledge graph via memory:// URLs\n- `recent_activity` - Get recently updated notes (use this for "latest notes")\n- `list_directory` - Browse directory contents\n- `backlinks` - Find notes that reference a specific note\n- `status` - System status and diagnostics\n- `sync_status` - File sync monitoring\n\n**Example for "latest notes":**\n```\nadn_navigation(\n    operation="recent_activity",\n    timeframe="1d"\n)\n```\n\nPlease adjust the `operation` parameter and try again.', dict)</failure></testcase><testcase classname="tests.mcp.test_portmanteau_tools.TestAdnEditorBasic" name="test_adn_editor_invalid_operation" time="0.000"><skipped type="pytest.skip" message="adn_editor is deprecated and only available in FULL_TOOLS_MODE">D:\Dev\repos\advanced-memory-mcp\tests\mcp\test_portmanteau_tools.py:426: adn_editor is deprecated and only available in FULL_TOOLS_MODE</skipped></testcase><testcase classname="tests.mcp.test_portmanteau_tools.TestStructuredResponses" name="test_adn_content_structured_error_responses" time="0.062" /><testcase classname="tests.mcp.test_portmanteau_tools.TestStructuredResponses" name="test_adn_project_structured_error_responses" time="0.049"><failure message="AssertionError: Error response should have 'error' field&#10;assert 'error' in {'error_code': 'VALIDATION_ERROR', 'message': 'Unknown project operation: invalid_operation. Check recovery_options for next steps.', 'original_message': 'Unknown project operation: invalid_operation', 'success': False, ...}">E   AssertionError: Error response should have 'error' field
    assert 'error' in {'error_code': 'VALIDATION_ERROR', 'message': 'Unknown project operation: invalid_operation. Check recovery_options for next steps.', 'original_message': 'Unknown project operation: invalid_operation', 'success': False, ...}</failure></testcase><testcase classname="tests.mcp.test_portmanteau_tools.TestStructuredResponses" name="test_adn_export_structured_error_responses" time="0.049"><failure message="AssertionError: Response should be dict, got &lt;class 'str'&gt;&#10;assert False&#10; +  where False = isinstance(&quot;# Error\n\nInvalid operation 'invalid_operation'. Supported operations: pdf, pandoc, docsify, html, joplin, pdf_book, archive, evernote, notion, skills&quot;, dict)">E   AssertionError: Response should be dict, got &lt;class 'str'&gt;
    assert False
     +  where False = isinstance("# Error\n\nInvalid operation 'invalid_operation'. Supported operations: pdf, pandoc, docsify, html, joplin, pdf_book, archive, evernote, notion, skills", dict)</failure></testcase><testcase classname="tests.mcp.test_portmanteau_tools.TestStructuredResponses" name="test_adn_import_structured_error_responses" time="0.047"><failure message="AssertionError: Response should be dict, got &lt;class 'str'&gt;&#10;assert False&#10; +  where False = isinstance(&quot;# Error\n\nInvalid operation 'invalid_operation'. Supported operations: obsidian, joplin, notion, evernote, onenote, archive, canvas, claude_skills, anthropic_skills, claude_conversations, claude_projects, chatgpt, gemini&quot;, dict)">E   AssertionError: Response should be dict, got &lt;class 'str'&gt;
    assert False
     +  where False = isinstance("# Error\n\nInvalid operation 'invalid_operation'. Supported operations: obsidian, joplin, notion, evernote, onenote, archive, canvas, claude_skills, anthropic_skills, claude_conversations, claude_projects, chatgpt, gemini", dict)</failure></testcase><testcase classname="tests.mcp.test_portmanteau_tools.TestStructuredResponses" name="test_adn_search_structured_error_responses" time="0.046"><failure message="AssertionError: Error response should have 'error' field&#10;assert 'error' in {'error_code': 'INVALID_OPERATION', 'examples': [{'after_date': 'spring 2024', 'operation': 'notes', 'query': 'german shepherd', 'tags': ['dog']}, {'operation': 'obsidian', 'query': 'meeting notes', 'source_path': '/path/to/vault'}], 'message': &quot;That format doesn't look quite right. Let me help you get it formatted correctly. Check the examples in my documentation.&quot;, 'original_message': &quot;You provided operation='invalid_operation'. Valid operations: notes, obsidian, joplin, notion, evernote&quot;, ...}">E   AssertionError: Error response should have 'error' field
    assert 'error' in {'error_code': 'INVALID_OPERATION', 'examples': [{'after_date': 'spring 2024', 'operation': 'notes', 'query': 'german shepherd', 'tags': ['dog']}, {'operation': 'obsidian', 'query': 'meeting notes', 'source_path': '/path/to/vault'}], 'message': "That format doesn't look quite right. Let me help you get it formatted correctly. Check the examples in my documentation.", 'original_message': "You provided operation='invalid_operation'. Valid operations: notes, obsidian, joplin, notion, evernote", ...}</failure></testcase><testcase classname="tests.mcp.test_portmanteau_tools.TestStructuredResponses" name="test_adn_knowledge_structured_error_responses" time="0.042"><failure message="AssertionError: Error response should have 'error' field&#10;assert 'error' in {'error_code': 'VALIDATION_ERROR', 'message': 'Unknown operation: invalid_operation. Check recovery_options for next steps.', 'original_message': 'Unknown operation: invalid_operation', 'success': False, ...}">E   AssertionError: Error response should have 'error' field
    assert 'error' in {'error_code': 'VALIDATION_ERROR', 'message': 'Unknown operation: invalid_operation. Check recovery_options for next steps.', 'original_message': 'Unknown operation: invalid_operation', 'success': False, ...}</failure></testcase><testcase classname="tests.mcp.test_portmanteau_tools.TestStructuredResponses" name="test_adn_navigation_structured_error_responses" time="0.043"><failure message="AssertionError: Response should be dict, got &lt;class 'str'&gt;&#10;assert False&#10; +  where False = isinstance('# Error: Invalid operation parameter\n\n**Received:** `invalid_operation` -&gt; normalized to `invalid_operation`\n\n**Valid operations are:**\n- `build_context` - Navigate knowledge graph via memory:// URLs\n- `recent_activity` - Get recently updated notes (use this for &quot;latest notes&quot;)\n- `list_directory` - Browse directory contents\n- `backlinks` - Find notes that reference a specific note\n- `status` - System status and diagnostics\n- `sync_status` - File sync monitoring\n\n**Example for &quot;latest notes&quot;:**\n```\nadn_navigation(\n    operation=&quot;recent_activity&quot;,\n    timeframe=&quot;1d&quot;\n)\n```\n\nPlease adjust the `operation` parameter and try again.', dict)">E   AssertionError: Response should be dict, got &lt;class 'str'&gt;
    assert False
     +  where False = isinstance('# Error: Invalid operation parameter\n\n**Received:** `invalid_operation` -&gt; normalized to `invalid_operation`\n\n**Valid operations are:**\n- `build_context` - Navigate knowledge graph via memory:// URLs\n- `recent_activity` - Get recently updated notes (use this for "latest notes")\n- `list_directory` - Browse directory contents\n- `backlinks` - Find notes that reference a specific note\n- `status` - System status and diagnostics\n- `sync_status` - File sync monitoring\n\n**Example for "latest notes":**\n```\nadn_navigation(\n    operation="recent_activity",\n    timeframe="1d"\n)\n```\n\nPlease adjust the `operation` parameter and try again.', dict)</failure></testcase><testcase classname="tests.mcp.test_portmanteau_tools.TestStructuredResponses" name="test_all_tools_return_dict_responses" time="0.060"><failure message="AssertionError: adn_export should return dict, got &lt;class 'str'&gt;&#10;assert False&#10; +  where False = isinstance(&quot;# Error\n\nInvalid operation 'invalid'. Supported operations: pdf, pandoc, docsify, html, joplin, pdf_book, archive, evernote, notion, skills&quot;, dict)">E   AssertionError: adn_export should return dict, got &lt;class 'str'&gt;
    assert False
     +  where False = isinstance("# Error\n\nInvalid operation 'invalid'. Supported operations: pdf, pandoc, docsify, html, joplin, pdf_book, archive, evernote, notion, skills", dict)</failure></testcase></testsuite></testsuites>